2019-06-17 11:40:49,525 [restartedMain] INFO  com.performance.CptApplication - Starting CptApplication on DefuTaideMacBook-Pro.local with PID 63048 (/Users/defu/Tester/cpt/target/classes started by defu in /Users/defu/Tester/cpt)
2019-06-17 11:40:49,534 [restartedMain] INFO  com.performance.CptApplication - No active profile set, falling back to default profiles: default
2019-06-17 11:40:50,185 [restartedMain] INFO  org.springframework.boot.devtools.env.DevToolsPropertyDefaultsPostProcessor - Devtools property defaults active! Set 'spring.devtools.add-properties' to 'false' to disable
2019-06-17 11:40:50,186 [restartedMain] INFO  org.springframework.boot.devtools.env.DevToolsPropertyDefaultsPostProcessor - For additional web related logging consider setting the 'logging.level.web' property to 'DEBUG'
2019-06-17 11:40:52,512 [restartedMain] INFO  org.springframework.boot.web.embedded.tomcat.TomcatWebServer - Tomcat initialized with port(s): 8080 (http)
2019-06-17 11:40:52,533 [restartedMain] INFO  org.apache.coyote.http11.Http11NioProtocol - Initializing ProtocolHandler ["http-nio-8080"]
2019-06-17 11:40:52,549 [restartedMain] INFO  org.apache.catalina.core.StandardService - Starting service [Tomcat]
2019-06-17 11:40:52,550 [restartedMain] INFO  org.apache.catalina.core.StandardEngine - Starting Servlet engine: [Apache Tomcat/9.0.19]
2019-06-17 11:40:52,742 [restartedMain] INFO  org.apache.catalina.core.ContainerBase.[Tomcat].[localhost].[/] - Initializing Spring embedded WebApplicationContext
2019-06-17 11:40:52,742 [restartedMain] INFO  org.springframework.web.context.ContextLoader - Root WebApplicationContext: initialization completed in 2555 ms
2019-06-17 11:40:53,913 [restartedMain] INFO  org.springframework.scheduling.concurrent.ThreadPoolTaskExecutor - Initializing ExecutorService 'applicationTaskExecutor'
2019-06-17 11:40:54,550 [restartedMain] INFO  org.springframework.boot.devtools.autoconfigure.OptionalLiveReloadServer - LiveReload server is running on port 35729
2019-06-17 11:40:54,588 [restartedMain] INFO  org.apache.coyote.http11.Http11NioProtocol - Starting ProtocolHandler ["http-nio-8080"]
2019-06-17 11:40:54,639 [restartedMain] INFO  org.springframework.boot.web.embedded.tomcat.TomcatWebServer - Tomcat started on port(s): 8080 (http) with context path ''
2019-06-17 11:40:54,643 [restartedMain] INFO  com.performance.CptApplication - Started CptApplication in 5.998 seconds (JVM running for 7.826)
2019-06-17 11:44:37,782 [http-nio-8080-exec-1] INFO  org.apache.catalina.core.ContainerBase.[Tomcat].[localhost].[/] - Initializing Spring DispatcherServlet 'dispatcherServlet'
2019-06-17 11:44:37,784 [http-nio-8080-exec-1] INFO  org.springframework.web.servlet.DispatcherServlet - Initializing Servlet 'dispatcherServlet'
2019-06-17 11:44:37,801 [http-nio-8080-exec-1] INFO  org.springframework.web.servlet.DispatcherServlet - Completed initialization in 17 ms
2019-06-17 11:44:37,886 [http-nio-8080-exec-1] INFO  com.zaxxer.hikari.HikariDataSource - HikariPool-1 - Starting...
2019-06-17 11:44:38,452 [http-nio-8080-exec-1] INFO  com.zaxxer.hikari.HikariDataSource - HikariPool-1 - Start completed.
